<?xml version="1.0" encoding="UTF-8"?>
<robot generator="Robot 6.1.1 (Python 3.12.0 on win32)" generated="20231031 17:47:49.053" rpa="false" schemaversion="4">
<suite id="s1" name="Home" source="C:\Users\ASUS\Sanber50MobileAuto\Sanber50-MobileAutomation-Kelompok1\suites\home.robot">
<test id="s1-t1" name="Succesfully Open Flight Homepage" line="5">
<kw name="Open Flight Application" library="base">
<kw name="Open Application" library="AppiumLibrary">
<arg>${REMOTE_URL}</arg>
<arg>platformName=${PLATFORM_NAME}</arg>
<arg>platformVersion=${PLATFORM_VERSION}</arg>
<arg>deviceName=${DEVICE_NAME}</arg>
<arg>appPackage=${APP_PACKAGE}</arg>
<arg>appActivity=${APP_ACTIVITY}</arg>
<doc>Opens a new application to given Appium server.
Capabilities of appium server, Android and iOS,
Please check https://github.com/appium/appium/blob/master/docs/en/writing-running-appium/server-args.md
| *Option*            | *Man.* | *Description*     |
| remote_url          | Yes    | Appium server url |
| alias               | no     | alias             |
| strict_ssl          | No     | allows you to send commands to an invalid certificate host like a self-signed one. |</doc>
<kw name="Capture Page Screenshot" library="AppiumLibrary">
<doc>Takes a screenshot of the current page and embeds it into the log.</doc>
<msg timestamp="20231031 17:47:56.814" level="FAIL">No application is open</msg>
<status status="FAIL" starttime="20231031 17:47:56.813" endtime="20231031 17:47:56.819"/>
</kw>
<msg timestamp="20231031 17:47:56.821" level="WARN">Keyword 'Capture Page Screenshot' could not be run on failure: No application is open</msg>
<msg timestamp="20231031 17:47:56.822" level="FAIL">WebDriverException: Message: An unknown server-side error occurred while processing the command. Original error: Could not proxy command to the remote server. Original error: socket hang up
Stacktrace:
UnknownError: An unknown server-side error occurred while processing the command. Original error: Could not proxy command to the remote server. Original error: socket hang up
    at UIA2Proxy.command (C:\Users\ASUS\AppData\Local\Programs\Appium Server GUI\resources\app\node_modules\appium\node_modules\appium-base-driver\lib\jsonwp-proxy\proxy.js:274:13)
    at runMicrotasks (&lt;anonymous&gt;)
    at processTicksAndRejections (internal/process/task_queues.js:97:5)
    at AndroidUiautomator2Driver.commands.getDevicePixelRatio (C:\Users\ASUS\AppData\Local\Programs\Appium Server GUI\resources\app\node_modules\appium\node_modules\appium-uiautomator2-driver\lib\commands\viewport.js:14:10)
    at AndroidUiautomator2Driver.fillDeviceDetails (C:\Users\ASUS\AppData\Local\Programs\Appium Server GUI\resources\app\node_modules\appium\node_modules\appium-uiautomator2-driver\lib\driver.js:244:28)
    at AndroidUiautomator2Driver.createSession (C:\Users\ASUS\AppData\Local\Programs\Appium Server GUI\resources\app\node_modules\appium\node_modules\appium-uiautomator2-driver\lib\driver.js:230:7)
    at AppiumDriver.createSession (C:\Users\ASUS\AppData\Local\Programs\Appium Server GUI\resources\app\node_modules\appium\lib\appium.js:387:35)</msg>
<status status="FAIL" starttime="20231031 17:47:49.349" endtime="20231031 17:47:56.824"/>
</kw>
<status status="FAIL" starttime="20231031 17:47:49.349" endtime="20231031 17:47:56.824"/>
</kw>
<kw name="Verify Homepage Appears" library="homePage">
<status status="NOT RUN" starttime="20231031 17:47:56.825" endtime="20231031 17:47:56.825"/>
</kw>
<kw name="Close Flight Application" library="base">
<status status="NOT RUN" starttime="20231031 17:47:56.825" endtime="20231031 17:47:56.825"/>
</kw>
<status status="FAIL" starttime="20231031 17:47:49.348" endtime="20231031 17:47:56.825">WebDriverException: Message: An unknown server-side error occurred while processing the command. Original error: Could not proxy command to the remote server. Original error: socket hang up
Stacktrace:
UnknownError: An unknown server-side error occurred while processing the command. Original error: Could not proxy command to the remote server. Original error: socket hang up
    at UIA2Proxy.command (C:\Users\ASUS\AppData\Local\Programs\Appium Server GUI\resources\app\node_modules\appium\node_modules\appium-base-driver\lib\jsonwp-proxy\proxy.js:274:13)
    at runMicrotasks (&lt;anonymous&gt;)
    at processTicksAndRejections (internal/process/task_queues.js:97:5)
    at AndroidUiautomator2Driver.commands.getDevicePixelRatio (C:\Users\ASUS\AppData\Local\Programs\Appium Server GUI\resources\app\node_modules\appium\node_modules\appium-uiautomator2-driver\lib\commands\viewport.js:14:10)
    at AndroidUiautomator2Driver.fillDeviceDetails (C:\Users\ASUS\AppData\Local\Programs\Appium Server GUI\resources\app\node_modules\appium\node_modules\appium-uiautomator2-driver\lib\driver.js:244:28)
    at AndroidUiautomator2Driver.createSession (C:\Users\ASUS\AppData\Local\Programs\Appium Server GUI\resources\app\node_modules\appium\node_modules\appium-uiautomator2-driver\lib\driver.js:230:7)
    at AppiumDriver.createSession (C:\Users\ASUS\AppData\Local\Programs\Appium Server GUI\resources\app\node_modules\appium\lib\appium.js:387:35)</status>
</test>
<status status="FAIL" starttime="20231031 17:47:49.054" endtime="20231031 17:47:56.829"/>
</suite>
<statistics>
<total>
<stat pass="0" fail="1" skip="0">All Tests</stat>
</total>
<tag>
</tag>
<suite>
<stat pass="0" fail="1" skip="0" id="s1" name="Home">Home</stat>
</suite>
</statistics>
<errors>
<msg timestamp="20231031 17:47:56.821" level="WARN">Keyword 'Capture Page Screenshot' could not be run on failure: No application is open</msg>
</errors>
</robot>
